#
# A fatal error has been detected by the Java Runtime Environment:
#
#  EXCEPTION_ACCESS_VIOLATION (0xc0000005) at pc=0x617493cd, pid=18204, tid=0x000033dc
#
# JRE version: Java(TM) SE Runtime Environment (8.0_92-b14) (build 1.8.0_92-b14)
# Java VM: Java HotSpot(TM) Client VM (25.92-b14 mixed mode windows-x86 )
# Problematic frame:
# C  [listSerialsj.dll+0x93cd]
#
# Failed to write core dump. Minidumps are not enabled by default on client versions of Windows
#
# If you would like to submit a bug report, please visit:
#   http://bugreport.java.com/bugreport/crash.jsp
# The crash happened outside the Java Virtual Machine in native code.
# See problematic frame for where to report the bug.
#

---------------  T H R E A D  ---------------

Current thread (0x27b2e400):  JavaThread "cc.arduino.packages.discoverers.serial.SerialBoardsLister" [_thread_in_native, id=13276, stack(0x26b30000,0x26b80000)]

siginfo: ExceptionCode=0xc0000005, writing address 0x00000000

Registers:
EAX=0x00000000, EBX=0x00000f2c, ECX=0x00000000, EDX=0x00000001
ESP=0x26b7ef40, EBP=0x26b7f398, ESI=0x00000002, EDI=0x013bd518
EIP=0x617493cd, EFLAGS=0x00010246

Top of Stack: (sp=0x26b7ef40)
0x26b7ef40:   268dd6f0 0000002e 00000002 00000000
0x26b7ef50:   00000003 00000000 00000000 00000000
0x26b7ef60:   27b2e540 26b7efa0 0000006c 763ca540
0x26b7ef70:   268df978 00b7efa8 013bd430 0000007e
0x26b7ef80:   26b7efac 25a98598 0000000f 00000002
0x26b7ef90:   00000001 0000006c 00000031 0000008e
0x26b7efa0:   008e5990 00000000 334d4f43 00a9d200
0x26b7efb0:   00425355 25a982f5 26b7efe0 25a98598 

Instructions: (pc=0x617493cd)
0x617493ad:   8b 45 08 8b 90 94 00 00 00 85 d2 74 16 8b 40 2c
0x617493bd:   c7 44 24 04 2e 00 00 00 89 04 24 e8 73 14 00 00
0x617493cd:   c6 00 00 8d 85 04 fc ff ff 89 44 24 18 8d 85 0a
0x617493dd:   fc ff ff 89 44 24 10 a1 e4 01 75 61 c7 85 04 fc 


Register to memory mapping:

EAX=0x00000000 is an unknown value
EBX=0x00000f2c is an unknown value
ECX=0x00000000 is an unknown value
EDX=0x00000001 is an unknown value
ESP=0x26b7ef40 is pointing into the stack for thread: 0x27b2e400
EBP=0x26b7f398 is pointing into the stack for thread: 0x27b2e400
ESI=0x00000002 is an unknown value
EDI=0x013bd518 is an unknown value


Stack: [0x26b30000,0x26b80000],  sp=0x26b7ef40,  free space=315k
Native frames: (J=compiled Java code, j=interpreted, Vv=VM code, C=native code)
C  [listSerialsj.dll+0x93cd]
C  [listSerialsj.dll+0x2211]

Java frames: (J=compiled Java code, j=interpreted, Vv=VM code)
j  processing.app.Platform.listSerialsNative()[Ljava/lang/String;+0
j  processing.app.Platform.listSerials()Ljava/util/List;+5
j  cc.arduino.packages.discoverers.serial.SerialBoardsLister.retriggerDiscovery(Z)V+22
j  cc.arduino.packages.discoverers.serial.SerialBoardsLister.run()V+9
J 2331% C1 java.util.TimerThread.mainLoop()V (232 bytes) @ 0x03931c54 [0x03931820+0x434]
j  java.util.TimerThread.run()V+1
v  ~StubRoutines::call_stub

---------------  P R O C E S S  ---------------

Java Threads: ( => current thread )
  0x281a6000 JavaThread "Keep-Alive-Timer" daemon [_thread_blocked, id=7392, stack(0x01520000,0x01570000)]
  0x281a0800 JavaThread "EventThread COM4" [_thread_in_native, id=16184, stack(0x01640000,0x01690000)]
  0x281a4c00 JavaThread "JmDNS(DESKTOP-PCIB2M9.local.).Timer" daemon [_thread_blocked, id=664, stack(0x29ca0000,0x29cf0000)]
  0x281a2c00 JavaThread "JmDNS(DESKTOP-PCIB2M9.local.).State.Timer" [_thread_blocked, id=5100, stack(0x292a0000,0x292f0000)]
  0x281a6c00 JavaThread "JmDNS(DESKTOP-PCIB2M9.local.).Timer" daemon [_thread_blocked, id=18356, stack(0x28dc0000,0x28e10000)]
  0x27d32c00 JavaThread "SocketListener(DESKTOP-PCIB2M9.local.)" daemon [_thread_in_native, id=16224, stack(0x28730000,0x28780000)]
  0x27d35c00 JavaThread "JmDNS(DESKTOP-PCIB2M9.local.).Timer" daemon [_thread_blocked, id=3512, stack(0x27470000,0x274c0000)]
  0x27df1000 JavaThread "JmDNS(DESKTOP-PCIB2M9.local.).State.Timer" [_thread_blocked, id=8912, stack(0x273e0000,0x27430000)]
  0x27df0c00 JavaThread "JmDNS(DESKTOP-PCIB2M9.local.).Timer" daemon [_thread_blocked, id=16684, stack(0x27350000,0x273a0000)]
  0x27def800 JavaThread "SocketListener(DESKTOP-PCIB2M9.local.)" daemon [_thread_in_native, id=13032, stack(0x272c0000,0x27310000)]
  0x27def000 JavaThread "JmDNS(DESKTOP-PCIB2M9.local.).Timer" daemon [_thread_blocked, id=14964, stack(0x27230000,0x27280000)]
  0x27df1800 JavaThread "JmDNS(DESKTOP-PCIB2M9.local.).State.Timer" [_thread_blocked, id=11320, stack(0x271a0000,0x271f0000)]
  0x27df6400 JavaThread "JmDNS(DESKTOP-PCIB2M9.local.).Timer" daemon [_thread_blocked, id=16652, stack(0x27110000,0x27160000)]
  0x27df5800 JavaThread "SocketListener(DESKTOP-PCIB2M9.local.)" daemon [_thread_in_native, id=17712, stack(0x27080000,0x270d0000)]
  0x27df3c00 JavaThread "DestroyJavaVM" [_thread_blocked, id=17360, stack(0x03490000,0x034e0000)]
  0x27df0400 JavaThread "JmDNS(DESKTOP-PCIB2M9.local.).Timer" daemon [_thread_blocked, id=8836, stack(0x29b10000,0x29b60000)]
  0x27df2c00 JavaThread "JmDNS(DESKTOP-PCIB2M9.local.).State.Timer" [_thread_blocked, id=19940, stack(0x29a80000,0x29ad0000)]
  0x27df3000 JavaThread "JmDNS(DESKTOP-PCIB2M9.local.).Timer" daemon [_thread_blocked, id=12276, stack(0x299f0000,0x29a40000)]
  0x27df2400 JavaThread "SocketListener(DESKTOP-PCIB2M9.local.)" daemon [_thread_in_native, id=11376, stack(0x29960000,0x299b0000)]
  0x27df1c00 JavaThread "JmDNS(DESKTOP-PCIB2M9.local.).Timer" daemon [_thread_blocked, id=14792, stack(0x298d0000,0x29920000)]
  0x27df5c00 JavaThread "JmDNS(DESKTOP-PCIB2M9.local.).State.Timer" [_thread_blocked, id=12404, stack(0x29810000,0x29860000)]
  0x27deec00 JavaThread "JmDNS(DESKTOP-PCIB2M9.local.).Timer" daemon [_thread_blocked, id=16104, stack(0x29780000,0x297d0000)]
  0x27d35400 JavaThread "SocketListener(DESKTOP-PCIB2M9.local.)" daemon [_thread_in_native, id=2028, stack(0x27800000,0x27850000)]
  0x27d34800 JavaThread "TimerQueue" daemon [_thread_blocked, id=7980, stack(0x02ee0000,0x02f30000)]
  0x27d34400 JavaThread "AWT-EventQueue-0" [_thread_in_vm_trans, id=9472, stack(0x29200000,0x29250000)]
  0x27d35000 JavaThread "AWT-Shutdown" [_thread_blocked, id=12320, stack(0x29170000,0x291c0000)]
  0x27d33c00 JavaThread "JmDNS(DESKTOP-PCIB2M9.local.).Timer" daemon [_thread_blocked, id=452, stack(0x28ee0000,0x28f30000)]
  0x27d33800 JavaThread "JmDNS(DESKTOP-PCIB2M9.local.).State.Timer" [_thread_blocked, id=7784, stack(0x28e50000,0x28ea0000)]
  0x27d33000 JavaThread "JmDNS(DESKTOP-PCIB2M9.local.).Timer" daemon [_thread_blocked, id=12280, stack(0x28a50000,0x28aa0000)]
  0x27d32400 JavaThread "SocketListener(DESKTOP-PCIB2M9.local.)" daemon [_thread_in_native, id=17556, stack(0x289c0000,0x28a10000)]
  0x2656fc00 JavaThread "Batik CleanerThread" daemon [_thread_blocked, id=7200, stack(0x28d30000,0x28d80000)]
  0x27b2fc00 JavaThread "cc.arduino.packages.discoverers.network.BoardReachabilityFilter" [_thread_blocked, id=7448, stack(0x28680000,0x286d0000)]
  0x27b2ec00 JavaThread "cc.arduino.packages.discoverers.network.NetworkChecker" [_thread_blocked, id=1876, stack(0x285f0000,0x28640000)]
=>0x27b2e400 JavaThread "cc.arduino.packages.discoverers.serial.SerialBoardsLister" [_thread_in_native, id=13276, stack(0x26b30000,0x26b80000)]
  0x265f2c00 JavaThread "AWT-Windows" daemon [_thread_in_native, id=13780, stack(0x26bc0000,0x26c10000)]
  0x265f1400 JavaThread "Java2D Disposer" daemon [_thread_blocked, id=17660, stack(0x26aa0000,0x26af0000)]
  0x25e55400 JavaThread "Service Thread" daemon [_thread_blocked, id=11920, stack(0x263b0000,0x26400000)]
  0x25e4f400 JavaThread "C1 CompilerThread0" daemon [_thread_blocked, id=11936, stack(0x26320000,0x26370000)]
  0x25e4dc00 JavaThread "Attach Listener" daemon [_thread_blocked, id=15276, stack(0x26290000,0x262e0000)]
  0x25e4a000 JavaThread "Signal Dispatcher" daemon [_thread_blocked, id=2944, stack(0x26200000,0x26250000)]
  0x25e3a000 JavaThread "Finalizer" daemon [_thread_blocked, id=4316, stack(0x260f0000,0x26140000)]
  0x25e24400 JavaThread "Reference Handler" daemon [_thread_blocked, id=5460, stack(0x26060000,0x260b0000)]

Other Threads:
  0x033dd400 VMThread [stack: 0x05790000,0x057e0000] [id=6028]
  0x25e59000 WatcherThread [stack: 0x26440000,0x26490000] [id=13640]

VM state:not at safepoint (normal execution)

VM Mutex/Monitor currently owned by a thread: None

Heap:
 def new generation   total 39424K, used 12192K [0x05800000, 0x082c0000, 0x102a0000)
  eden space 35072K,  34% used [0x05800000, 0x063c64a8, 0x07a40000)
  from space 4352K,   3% used [0x07e80000, 0x07ea1d50, 0x082c0000)
  to   space 4352K,   0% used [0x07a40000, 0x07a40000, 0x07e80000)
 tenured generation   total 87424K, used 45531K [0x102a0000, 0x15800000, 0x25800000)
   the space 87424K,  52% used [0x102a0000, 0x12f16ec0, 0x12f17000, 0x15800000)
 Metaspace       used 18894K, capacity 19378K, committed 19456K, reserved 19840K

Card table byte_map: [0x25800000,0x25910000] byte_map_base: 0x257d4000

Polling page: 0x01740000

CodeCache: size=32768Kb used=2077Kb max_used=3813Kb free=30690Kb
 bounds [0x03710000, 0x03ad0000, 0x05710000]
 total_blobs=1247 nmethods=969 adapters=207
 compilation: enabled

Compilation events (10 events):
Event: 2003.000 Thread 0x25e4f400 3448             java.lang.AbstractStringBuilder::setLength (45 bytes)
Event: 2003.001 Thread 0x25e4f400 nmethod 3448 0x039ce708 code [0x039ce830, 0x039ce9e4]
Event: 2024.119 Thread 0x25e4f400 3450             java.util.LinkedList::addAll (182 bytes)
Event: 2024.120 Thread 0x25e4f400 nmethod 3450 0x039640c8 code [0x03964200, 0x03964500]
Event: 2032.159 Thread 0x25e4f400 3451             java.util.LinkedHashMap$LinkedHashIterator::hasNext (13 bytes)
Event: 2032.159 Thread 0x25e4f400 nmethod 3451 0x03963f08 code [0x03964000, 0x03964090]
Event: 2032.159 Thread 0x25e4f400 3452             java.util.LinkedHashMap$LinkedHashIterator::nextNode (54 bytes)
Event: 2032.160 Thread 0x25e4f400 nmethod 3452 0x039fc7c8 code [0x039fc8e0, 0x039fca68]
Event: 2032.160 Thread 0x25e4f400 3453             java.util.AbstractCollection::toArray (70 bytes)
Event: 2032.160 Thread 0x25e4f400 nmethod 3453 0x0385e488 code [0x0385e5f0, 0x0385e894]

GC Heap History (10 events):
Event: 819.462 GC heap before
{Heap before GC invocations=29 (full 1):
 def new generation   total 39424K, used 38720K [0x05800000, 0x082c0000, 0x102a0000)
  eden space 35072K, 100% used [0x05800000, 0x07a40000, 0x07a40000)
  from space 4352K,  83% used [0x07a40000, 0x07dd0330, 0x07e80000)
  to   space 4352K,   0% used [0x07e80000, 0x07e80000, 0x082c0000)
 tenured generation   total 87424K, used 35398K [0x102a0000, 0x15800000, 0x25800000)
   the space 87424K,  40% used [0x102a0000, 0x12531b40, 0x12531c00, 0x15800000)
 Metaspace       used 18883K, capacity 19375K, committed 19456K, reserved 19840K
Event: 819.467 GC heap after
Heap after GC invocations=30 (full 1):
 def new generation   total 39424K, used 4352K [0x05800000, 0x082c0000, 0x102a0000)
  eden space 35072K,   0% used [0x05800000, 0x05800000, 0x07a40000)
  from space 4352K, 100% used [0x07e80000, 0x082c0000, 0x082c0000)
  to   space 4352K,   0% used [0x07a40000, 0x07a40000, 0x07e80000)
 tenured generation   total 87424K, used 38624K [0x102a0000, 0x15800000, 0x25800000)
   the space 87424K,  44% used [0x102a0000, 0x128581c0, 0x12858200, 0x15800000)
 Metaspace       used 18883K, capacity 19375K, committed 19456K, reserved 19840K
}
Event: 1162.864 GC heap before
{Heap before GC invocations=30 (full 1):
 def new generation   total 39424K, used 39424K [0x05800000, 0x082c0000, 0x102a0000)
  eden space 35072K, 100% used [0x05800000, 0x07a40000, 0x07a40000)
  from space 4352K, 100% used [0x07e80000, 0x082c0000, 0x082c0000)
  to   space 4352K,   0% used [0x07a40000, 0x07a40000, 0x07e80000)
 tenured generation   total 87424K, used 38624K [0x102a0000, 0x15800000, 0x25800000)
   the space 87424K,  44% used [0x102a0000, 0x128581c0, 0x12858200, 0x15800000)
 Metaspace       used 18883K, capacity 19375K, committed 19456K, reserved 19840K
Event: 1162.869 GC heap after
Heap after GC invocations=31 (full 1):
 def new generation   total 39424K, used 1297K [0x05800000, 0x082c0000, 0x102a0000)
  eden space 35072K,   0% used [0x05800000, 0x05800000, 0x07a40000)
  from space 4352K,  29% used [0x07a40000, 0x07b84440, 0x07e80000)
  to   space 4352K,   0% used [0x07e80000, 0x07e80000, 0x082c0000)
 tenured generation   total 87424K, used 42964K [0x102a0000, 0x15800000, 0x25800000)
   the space 87424K,  49% used [0x102a0000, 0x12c953f8, 0x12c95400, 0x15800000)
 Metaspace       used 18883K, capacity 19375K, committed 19456K, reserved 19840K
}
Event: 1378.924 GC heap before
{Heap before GC invocations=31 (full 1):
 def new generation   total 39424K, used 36369K [0x05800000, 0x082c0000, 0x102a0000)
  eden space 35072K, 100% used [0x05800000, 0x07a40000, 0x07a40000)
  from space 4352K,  29% used [0x07a40000, 0x07b84440, 0x07e80000)
  to   space 4352K,   0% used [0x07e80000, 0x07e80000, 0x082c0000)
 tenured generation   total 87424K, used 42964K [0x102a0000, 0x15800000, 0x25800000)
   the space 87424K,  49% used [0x102a0000, 0x12c953f8, 0x12c95400, 0x15800000)
 Metaspace       used 18884K, capacity 19375K, committed 19456K, reserved 19840K
Event: 1378.928 GC heap after
Heap after GC invocations=32 (full 1):
 def new generation   total 39424K, used 3055K [0x05800000, 0x082c0000, 0x102a0000)
  eden space 35072K,   0% used [0x05800000, 0x05800000, 0x07a40000)
  from space 4352K,  70% used [0x07e80000, 0x0817bce8, 0x082c0000)
  to   space 4352K,   0% used [0x07a40000, 0x07a40000, 0x07e80000)
 tenured generation   total 87424K, used 42964K [0x102a0000, 0x15800000, 0x25800000)
   the space 87424K,  49% used [0x102a0000, 0x12c953f8, 0x12c95400, 0x15800000)
 Metaspace       used 18884K, capacity 19375K, committed 19456K, reserved 19840K
}
Event: 1558.877 GC heap before
{Heap before GC invocations=32 (full 1):
 def new generation   total 39424K, used 38127K [0x05800000, 0x082c0000, 0x102a0000)
  eden space 35072K, 100% used [0x05800000, 0x07a40000, 0x07a40000)
  from space 4352K,  70% used [0x07e80000, 0x0817bce8, 0x082c0000)
  to   space 4352K,   0% used [0x07a40000, 0x07a40000, 0x07e80000)
 tenured generation   total 87424K, used 42964K [0x102a0000, 0x15800000, 0x25800000)
   the space 87424K,  49% used [0x102a0000, 0x12c953f8, 0x12c95400, 0x15800000)
 Metaspace       used 18894K, capacity 19378K, committed 19456K, reserved 19840K
Event: 1558.881 GC heap after
Heap after GC invocations=33 (full 1):
 def new generation   total 39424K, used 521K [0x05800000, 0x082c0000, 0x102a0000)
  eden space 35072K,   0% used [0x05800000, 0x05800000, 0x07a40000)
  from space 4352K,  11% used [0x07a40000, 0x07ac2710, 0x07e80000)
  to   space 4352K,   0% used [0x07e80000, 0x07e80000, 0x082c0000)
 tenured generation   total 87424K, used 45531K [0x102a0000, 0x15800000, 0x25800000)
   the space 87424K,  52% used [0x102a0000, 0x12f16ec0, 0x12f17000, 0x15800000)
 Metaspace       used 18894K, capacity 19378K, committed 19456K, reserved 19840K
}
Event: 1913.703 GC heap before
{Heap before GC invocations=33 (full 1):
 def new generation   total 39424K, used 35593K [0x05800000, 0x082c0000, 0x102a0000)
  eden space 35072K, 100% used [0x05800000, 0x07a40000, 0x07a40000)
  from space 4352K,  11% used [0x07a40000, 0x07ac2710, 0x07e80000)
  to   space 4352K,   0% used [0x07e80000, 0x07e80000, 0x082c0000)
 tenured generation   total 87424K, used 45531K [0x102a0000, 0x15800000, 0x25800000)
   the space 87424K,  52% used [0x102a0000, 0x12f16ec0, 0x12f17000, 0x15800000)
 Metaspace       used 18894K, capacity 19378K, committed 19456K, reserved 19840K
Event: 1913.706 GC heap after
Heap after GC invocations=34 (full 1):
 def new generation   total 39424K, used 135K [0x05800000, 0x082c0000, 0x102a0000)
  eden space 35072K,   0% used [0x05800000, 0x05800000, 0x07a40000)
  from space 4352K,   3% used [0x07e80000, 0x07ea1d50, 0x082c0000)
  to   space 4352K,   0% used [0x07a40000, 0x07a40000, 0x07e80000)
 tenured generation   total 87424K, used 45531K [0x102a0000, 0x15800000, 0x25800000)
   the space 87424K,  52% used [0x102a0000, 0x12f16ec0, 0x12f17000, 0x15800000)
 Metaspace       used 18894K, capacity 19378K, committed 19456K, reserved 19840K
}

Deoptimization events (0 events):
No events

Internal exceptions (10 events):
Event: 1421.549 Thread 0x281a5400 Exception <a 'sun/nio/fs/WindowsException'> (0x06970c40) thrown at [C:\workspace\8-2-build-windows-i586-cygwin\jdk8u92\6642\hotspot\src\share\vm\prims\jni.cpp, line 709]
Event: 1421.549 Thread 0x281a5400 Exception <a 'sun/nio/fs/WindowsException'> (0x06971238) thrown at [C:\workspace\8-2-build-windows-i586-cygwin\jdk8u92\6642\hotspot\src\share\vm\prims\jni.cpp, line 709]
Event: 1421.552 Thread 0x281a5400 Exception <a 'sun/nio/fs/WindowsException'> (0x0697b828) thrown at [C:\workspace\8-2-build-windows-i586-cygwin\jdk8u92\6642\hotspot\src\share\vm\prims\jni.cpp, line 709]
Event: 1421.552 Thread 0x281a5400 Exception <a 'sun/nio/fs/WindowsException'> (0x0697be98) thrown at [C:\workspace\8-2-build-windows-i586-cygwin\jdk8u92\6642\hotspot\src\share\vm\prims\jni.cpp, line 709]
Event: 1421.554 Thread 0x281a5400 Exception <a 'sun/nio/fs/WindowsException'> (0x06986138) thrown at [C:\workspace\8-2-build-windows-i586-cygwin\jdk8u92\6642\hotspot\src\share\vm\prims\jni.cpp, line 709]
Event: 1421.554 Thread 0x281a5400 Exception <a 'sun/nio/fs/WindowsException'> (0x06986730) thrown at [C:\workspace\8-2-build-windows-i586-cygwin\jdk8u92\6642\hotspot\src\share\vm\prims\jni.cpp, line 709]
Event: 1421.557 Thread 0x281a5400 Exception <a 'sun/nio/fs/WindowsException'> (0x06990760) thrown at [C:\workspace\8-2-build-windows-i586-cygwin\jdk8u92\6642\hotspot\src\share\vm\prims\jni.cpp, line 709]
Event: 1421.557 Thread 0x281a5400 Exception <a 'sun/nio/fs/WindowsException'> (0x06990d68) thrown at [C:\workspace\8-2-build-windows-i586-cygwin\jdk8u92\6642\hotspot\src\share\vm\prims\jni.cpp, line 709]
Event: 1421.560 Thread 0x281a5400 Exception <a 'sun/nio/fs/WindowsException'> (0x0699bb58) thrown at [C:\workspace\8-2-build-windows-i586-cygwin\jdk8u92\6642\hotspot\src\share\vm\prims\jni.cpp, line 709]
Event: 1421.560 Thread 0x281a5400 Exception <a 'sun/nio/fs/WindowsException'> (0x0699c100) thrown at [C:\workspace\8-2-build-windows-i586-cygwin\jdk8u92\6642\hotspot\src\share\vm\prims\jni.cpp, line 709]

Events (10 events):
Event: 2002.763 Thread 0x25e4f400 flushing nmethod 0x039f9d48
Event: 2002.763 Thread 0x25e4f400 flushing nmethod 0x039fae88
Event: 2002.763 Thread 0x25e4f400 flushing nmethod 0x039fc008
Event: 2002.763 Thread 0x25e4f400 flushing nmethod 0x039fc608
Event: 2002.763 Thread 0x25e4f400 flushing nmethod 0x039fc888
Event: 2002.763 Thread 0x25e4f400 flushing nmethod 0x039fca48
Event: 2032.160 Thread 0x25e4f400 flushing nmethod 0x03972ac8
Event: 2032.160 Thread 0x25e4f400 flushing nmethod 0x039fd188
Event: 2032.161 Thread 0x25e4f400 flushing nmethod 0x039fd388
Event: 2032.899 Thread 0x281a6000 Thread added: 0x281a6000


Dynamic libraries:
0x00f90000 - 0x00fc3000 	C:\Program Files (x86)\Arduino\java\bin\javaw.exe
0x776e0000 - 0x77862000 	C:\WINDOWS\SYSTEM32\ntdll.dll
0x74820000 - 0x74900000 	C:\WINDOWS\System32\KERNEL32.DLL
0x743b0000 - 0x74551000 	C:\WINDOWS\System32\KERNELBASE.dll
0x74640000 - 0x746b7000 	C:\WINDOWS\System32\ADVAPI32.dll
0x74760000 - 0x7481e000 	C:\WINDOWS\System32\msvcrt.dll
0x74360000 - 0x743a1000 	C:\WINDOWS\System32\sechost.dll
0x77480000 - 0x77541000 	C:\WINDOWS\System32\RPCRT4.dll
0x741a0000 - 0x741be000 	C:\WINDOWS\System32\SspiCli.dll
0x74190000 - 0x7419a000 	C:\WINDOWS\System32\CRYPTBASE.dll
0x74cb0000 - 0x74d0a000 	C:\WINDOWS\System32\bcryptPrimitives.dll
0x74900000 - 0x74a5f000 	C:\WINDOWS\System32\USER32.dll
0x77460000 - 0x77475000 	C:\WINDOWS\System32\win32u.dll
0x77430000 - 0x7745b000 	C:\WINDOWS\System32\GDI32.dll
0x76ea0000 - 0x76ffb000 	C:\WINDOWS\System32\gdi32full.dll
0x70350000 - 0x7055a000 	C:\WINDOWS\WinSxS\x86_microsoft.windows.common-controls_6595b64144ccf1df_6.0.14393.447_none_89c64d28dafea4b9\COMCTL32.dll
0x74d10000 - 0x74f21000 	C:\WINDOWS\System32\combase.dll
0x74560000 - 0x74640000 	C:\WINDOWS\System32\ucrtbase.dll
0x77610000 - 0x77635000 	C:\WINDOWS\System32\IMM32.DLL
0x6a410000 - 0x6a4cf000 	C:\Program Files (x86)\Arduino\java\bin\msvcr100.dll
0x5f550000 - 0x5f91b000 	C:\Program Files (x86)\Arduino\java\bin\client\jvm.dll
0x771c0000 - 0x771c6000 	C:\WINDOWS\System32\PSAPI.DLL
0x71750000 - 0x71774000 	C:\WINDOWS\SYSTEM32\WINMM.dll
0x73d00000 - 0x73d08000 	C:\WINDOWS\SYSTEM32\VERSION.dll
0x73d50000 - 0x73d58000 	C:\WINDOWS\SYSTEM32\WSOCK32.dll
0x775a0000 - 0x77603000 	C:\WINDOWS\System32\WS2_32.dll
0x01710000 - 0x01733000 	C:\WINDOWS\SYSTEM32\WINMMBASE.dll
0x77180000 - 0x771b6000 	C:\WINDOWS\System32\cfgmgr32.dll
0x6a3d0000 - 0x6a401000 	C:\Program Files (x86)\Arduino\java\bin\splashscreen.dll
0x71bf0000 - 0x71c65000 	C:\WINDOWS\system32\uxtheme.dll
0x6a3c0000 - 0x6a3cc000 	C:\Program Files (x86)\Arduino\java\bin\verify.dll
0x771d0000 - 0x77305000 	C:\WINDOWS\System32\MSCTF.dll
0x74220000 - 0x742b4000 	C:\WINDOWS\System32\OLEAUT32.dll
0x76320000 - 0x7639b000 	C:\WINDOWS\System32\msvcp_win.dll
0x60f50000 - 0x60f71000 	C:\Program Files (x86)\Arduino\java\bin\java.dll
0x619c0000 - 0x619d3000 	C:\Program Files (x86)\Arduino\java\bin\zip.dll
0x76920000 - 0x7692d000 	C:\WINDOWS\System32\kernel.appcore.dll
0x74f40000 - 0x76319000 	C:\WINDOWS\System32\SHELL32.dll
0x76930000 - 0x76e9e000 	C:\WINDOWS\System32\windows.storage.dll
0x77550000 - 0x77595000 	C:\WINDOWS\System32\powrprof.dll
0x746c0000 - 0x74706000 	C:\WINDOWS\System32\shlwapi.dll
0x77650000 - 0x776d8000 	C:\WINDOWS\System32\shcore.dll
0x77640000 - 0x7764f000 	C:\WINDOWS\System32\profapi.dll
0x74af0000 - 0x74bda000 	C:\WINDOWS\System32\ole32.dll
0x74a60000 - 0x74ae4000 	C:\WINDOWS\System32\clbcatq.dll
0x707a0000 - 0x708ef000 	C:\WINDOWS\SYSTEM32\PROPSYS.dll
0x71b60000 - 0x71b7f000 	C:\WINDOWS\system32\dwmapi.dll
0x64c30000 - 0x64c5d000 	C:\Windows\System32\IME\IMEKR\imkrapi.dll
0x64c00000 - 0x64c2f000 	C:\Windows\System32\IME\shared\imjkapi.dll
0x70580000 - 0x705a8000 	C:\WINDOWS\SYSTEM32\ntmarta.dll
0x5f970000 - 0x5fab5000 	C:\Program Files (x86)\Arduino\java\bin\awt.dll
0x71a00000 - 0x71a92000 	C:\WINDOWS\SYSTEM32\apphelp.dll
0x61740000 - 0x6176c000 	C:\Program Files (x86)\Arduino\lib\listSerialsj.dll
0x763a0000 - 0x767ab000 	C:\WINDOWS\System32\SETUPAPI.dll
0x73620000 - 0x73633000 	C:\WINDOWS\SYSTEM32\CRYPTSP.dll
0x735b0000 - 0x735df000 	C:\WINDOWS\system32\rsaenh.dll
0x735e0000 - 0x735fb000 	C:\WINDOWS\SYSTEM32\bcrypt.dll
0x72d30000 - 0x72d4a000 	C:\WINDOWS\SYSTEM32\USERENV.dll
0x60f30000 - 0x60f46000 	C:\Program Files (x86)\Arduino\java\bin\net.dll
0x727c0000 - 0x7280e000 	C:\WINDOWS\system32\mswsock.dll
0x73a00000 - 0x73a2f000 	C:\WINDOWS\SYSTEM32\IPHLPAPI.DLL
0x74c40000 - 0x74c47000 	C:\WINDOWS\System32\NSI.dll
0x727a0000 - 0x727b3000 	C:\WINDOWS\SYSTEM32\dhcpcsvc6.DLL
0x72620000 - 0x72634000 	C:\WINDOWS\SYSTEM32\dhcpcsvc.DLL
0x6a3b0000 - 0x6a3bf000 	C:\Program Files (x86)\Arduino\java\bin\nio.dll
0x27610000 - 0x2764d000 	C:\Users\Tae\AppData\Local\Temp\jna-83832\jna7449469481496163941.dll
0x60400000 - 0x60439000 	C:\Program Files (x86)\Arduino\java\bin\fontmanager.dll
0x603c0000 - 0x603f2000 	C:\Program Files (x86)\Arduino\java\bin\t2k.dll
0x70770000 - 0x70792000 	C:\WINDOWS\SYSTEM32\DEVOBJ.dll
0x74710000 - 0x74754000 	C:\WINDOWS\System32\WINTRUST.dll
0x77400000 - 0x7740e000 	C:\WINDOWS\System32\MSASN1.dll
0x77000000 - 0x7717d000 	C:\WINDOWS\System32\CRYPT32.dll
0x73980000 - 0x739fc000 	C:\WINDOWS\SYSTEM32\DNSAPI.dll
0x6f000000 - 0x6f008000 	C:\Windows\System32\rasadhlp.dll
0x6f010000 - 0x6f059000 	C:\WINDOWS\System32\fwpuclnt.dll
0x5fbb0000 - 0x5fc19000 	C:\Program Files (x86)\Arduino\msvcp100.dll
0x5f490000 - 0x5f54e000 	C:\Program Files (x86)\Arduino\msvcr100.dll
0x28aa0000 - 0x28ad2000 	C:\Program Files (x86)\Arduino\lib\AStylej.dll
0x5fb80000 - 0x5fba4000 	C:\Program Files (x86)\Arduino\java\bin\dcpr.dll
0x645b0000 - 0x6471e000 	C:\WINDOWS\SYSTEM32\WindowsCodecs.dll
0x66500000 - 0x66544000 	C:\WINDOWS\system32\dataexchange.dll
0x678d0000 - 0x67aff000 	C:\WINDOWS\system32\d3d11.dll
0x665f0000 - 0x66703000 	C:\WINDOWS\system32\dcomp.dll
0x67840000 - 0x678c4000 	C:\WINDOWS\system32\dxgi.dll
0x66330000 - 0x66421000 	C:\WINDOWS\system32\twinapi.appcore.dll
0x71aa0000 - 0x71b34000 	C:\WINDOWS\WinSxS\x86_microsoft.windows.common-controls_6595b64144ccf1df_5.82.14393.447_none_5507ded2cb4f7f4c\comctl32.dll
0x64ef0000 - 0x64fad000 	C:\Windows\System32\IME\IMEKR\imkrtip.dll
0x64dd0000 - 0x64ee4000 	C:\Windows\System32\IME\shared\imetip.dll
0x71c70000 - 0x71cc4000 	C:\WINDOWS\SYSTEM32\OLEACC.dll
0x64c60000 - 0x64dc8000 	C:\WINDOWS\SYSTEM32\DUI70.dll
0x64000000 - 0x6401b000 	C:\Users\Tae\.jssc\windows\jSSC-2.8_x86.dll
0x6d480000 - 0x6d5c5000 	C:\WINDOWS\SYSTEM32\dbghelp.dll

VM Arguments:
jvm_args: -Dsun.java2d.d3d=false -Djna.nosys=true -DAPP_DIR=C:\Program Files (x86)\Arduino -Xms128M -Xmx512M 
java_command: processing.app.Base C:\Users\Tae\Documents\GitHub\HelloWorld\Arduino\keyarray.ino
java_class_path (initial): C:\Program Files (x86)\Arduino\lib\apple.jar;C:\Program Files (x86)\Arduino\lib\arduino-core.jar;C:\Program Files (x86)\Arduino\lib\batik-1.8.jar;C:\Program Files (x86)\Arduino\lib\batik-anim-1.8.jar;C:\Program Files (x86)\Arduino\lib\batik-awt-util-1.8.jar;C:\Program Files (x86)\Arduino\lib\batik-bridge-1.8.jar;C:\Program Files (x86)\Arduino\lib\batik-codec-1.8.jar;C:\Program Files (x86)\Arduino\lib\batik-css-1.8.jar;C:\Program Files (x86)\Arduino\lib\batik-dom-1.8.jar;C:\Program Files (x86)\Arduino\lib\batik-ext-1.8.jar;C:\Program Files (x86)\Arduino\lib\batik-gvt-1.8.jar;C:\Program Files (x86)\Arduino\lib\batik-parser-1.8.jar;C:\Program Files (x86)\Arduino\lib\batik-rasterizer-1.8.jar;C:\Program Files (x86)\Arduino\lib\batik-script-1.8.jar;C:\Program Files (x86)\Arduino\lib\batik-squiggle-1.8.jar;C:\Program Files (x86)\Arduino\lib\batik-svg-dom-1.8.jar;C:\Program Files (x86)\Arduino\lib\batik-svgpp-1.8.jar;C:\Program Files (x86)\Arduino\lib\batik-transcoder-1.8.jar;C:\Program Files (x86)\Arduino\lib\batik-util-1.8.jar;C:\Program Files (x86)\Arduino\lib\batik-xml-1.8.jar;C:\Program Files (x86)\Arduino\lib\bcpg-jdk15on-152.jar;C:\Program Files (x86)\Arduino\lib\bcprov-jdk15on-152.jar;C:\Program Files (x86)\Arduino\lib\commons-codec-1.7.jar;C:\Program Files (x86)\Arduino\lib\commons-compress-1.8.jar;C:\Program Files (x86)\Arduino\lib\commons-exec-1.1.jar;C:\Program Files (x86)\Arduino\lib\commons-httpclient-3.1.jar;C:\Program Files (x86)\Arduino\lib\commons-lang3-3.3.2.jar;C:\Program Files (x86)\Arduino\lib\commons-logging-1.0.4.jar;C:\Program Files (x86)\Arduino\lib\commons-net-3.3.jar;C:\Program Files (x86)\Arduino\lib\jackson-annotations-2.6.3.jar;C:\Program Files (x86)\Arduino\lib\jackson-core-2.6.3.jar;C:\Program Files (x86)\Arduino\lib\jackson-databind-2.6.3.jar;C:\Program Files (x86)\Arduino\lib\jackson-module-mrbean-2.6.3.jar;C:\Program Files (x86)\Arduino\lib\java-semver-0.8.0.jar;C:\Program Files (x86)\Arduino\lib\jmdns-3.4.1.j
Launcher Type: SUN_STANDARD

Environment Variables:
JAVA_HOME=C:\Program Files\Java\jdk1.8.0_91
CLASSPATH=C:\Program Files\Java\jdk1.8.0_91\lib
PATH=C:\ProgramData\Oracle\Java\javapath;C:\WINDOWS\system32;C:\WINDOWS;C:\WINDOWS\System32\Wbem;C:\WINDOWS\System32\WindowsPowerShell\v1.0\;C:\Program Files\Microsoft SQL Server\130\Tools\Binn\;C:\Program Files\Java\jdk1.8.0_91\bin;C:\Program Files\mysql-5.7.12-winx64\mysql-5.7.12-winx64\bin;C:\Program Files (x86)\Heroku\bin;C:\Program Files (x86)\git\cmd;C:\Program Files\nodejs\;%USERPROFILE%\.dnx\bin;C:\Program Files\Microsoft DNX\Dnvm\;C:\Program Files (x86)\Windows Kits\8.1\Windows Performance Toolkit\;C:\Program Files\Git\cmd;C:\Users\Tae\AppData\Roaming\npm;C:\Program Files (x86)\Microsoft VS Code\bin;C:\Users\Tae\AppData\Local\Microsoft\WindowsApps;C:\Program Files (x86)\ESTsoft\ALSee\x64;C:\Program Files (x86)\Arduino\java\bin
USERNAME=Tae
OS=Windows_NT
PROCESSOR_IDENTIFIER=Intel64 Family 6 Model 69 Stepping 1, GenuineIntel



---------------  S Y S T E M  ---------------

OS: Windows 10.0 , 64 bit Build 14393 (10.0.14393.0)

CPU:total 4 (2 cores per cpu, 2 threads per core) family 6 model 69 stepping 1, cmov, cx8, fxsr, mmx, sse, sse2, sse3, ssse3, sse4.1, sse4.2, popcnt, avx, avx2, aes, clmul, erms, lzcnt, ht, tsc, tscinvbit, bmi1, bmi2

Memory: 4k page, physical 8294108k(3806228k free), swap 9604828k(3220084k free)

vm_info: Java HotSpot(TM) Client VM (25.92-b14) for windows-x86 JRE (1.8.0_92-b14), built on Mar 31 2016 21:09:21 by "java_re" with MS VC++ 10.0 (VS2010)

time: Wed Nov 23 20:37:15 2016
elapsed time: 2034 seconds (0d 0h 33m 54s)

